<?xml version="1.0" encoding="UTF-8"?>
<!-- Generated by org.testng.reporters.JUnitReportReporter -->
<testsuite hostname="DELL" failures="0" tests="4" name="api.test.GoogleMapsTests" time="114.989" errors="0" timestamp="2025-02-08T21:35:47 IST" skipped="0">
  <testcase classname="api.test.GoogleMapsTests" name="testAddPlace" time="23.384"/>
  <testcase classname="api.test.GoogleMapsTests" name="testGetPlace" time="22.547"/>
  <testcase classname="api.test.GoogleMapsTests" name="testUpdatePlace" time="45.910"/>
  <testcase classname="api.test.GoogleMapsTests" name="testDeletePlace" time="23.148"/>
</testsuite> <!-- api.test.GoogleMapsTests -->
